<?xml version="1.0" encoding="UTF-8"?>
<!-- Generated by org.testng.reporters.JUnitXMLReporter -->
<testsuite hostname="DESKTOP-8IT2KM8" name="Default test" tests="3" failures="0" timestamp="8 Aug 2017 10:44:15 GMT" time="153.899" errors="0">
  <testcase name="UptakeHomePageAssertionTest" time="112.316" classname="com.uptake.test.UptakeHomePageTest"/>
  <testcase name="testBackGroundImagePresent" time="4.39" classname="com.uptake.test.UptakeHomePageTest"/>
  <testcase name="testVideoPlayHomePage" time="31.121" classname="com.uptake.test.UptakeHomePageTest"/>
</testsuite> <!-- Default test -->
