<?xml version="1.0" encoding="UTF-8"?>
<!-- Generated by org.testng.reporters.JUnitXMLReporter -->
<testsuite hostname="DESKTOP-8IT2KM8" name="Command line test" tests="2" failures="0" timestamp="7 Aug 2017 11:24:30 GMT" time="54.813" errors="0">
  <testcase name="uptakeAboutPageAssertionTest" time="12.054" classname="com.uptake.test.UptakeAboutPageTest"/>
  <testcase name="UptakeHomePageAssertionTest" time="32.52" classname="com.uptake.test.UptakeHomePageTest"/>
</testsuite> <!-- Command line test -->
