<?xml version="1.0" encoding="UTF-8"?>
<!-- Generated by org.testng.reporters.JUnitXMLReporter -->
<testsuite hostname="DESKTOP-8IT2KM8" name="UptakeTest" tests="4" failures="0" timestamp="8 Aug 2017 10:48:53 GMT" time="58.787" errors="0">
  <testcase name="uptakeAboutPageAssertionTest" time="10.272" classname="com.uptake.test.UptakeAboutPageTest"/>
  <testcase name="UptakeHomePageAssertionTest" time="31.395" classname="com.uptake.test.UptakeHomePageTest"/>
  <testcase name="testBackGroundImagePresent" time="6.279" classname="com.uptake.test.UptakeHomePageTest"/>
  <testcase name="testVideoPlayHomePage" time="1.115" classname="com.uptake.test.UptakeHomePageTest"/>
</testsuite> <!-- UptakeTest -->
