<?xml version="1.0" encoding="UTF-8"?>
<!-- Generated by org.testng.reporters.JUnitXMLReporter -->
<testsuite hostname="DESKTOP-8IT2KM8" name="TestNgMavenTest" tests="2" failures="1" timestamp="5 Aug 2017 16:54:35 GMT" time="5.768" errors="0">
  <testcase name="exampleOfTestNgMaven" time="3.405" classname="com.javacodegeeks.testng.maven.TestNgMavenExample">
    <failure type="java.lang.NullPointerException">
      <![CDATA[java.lang.NullPointerException
	at com.javacodegeeks.testng.maven.TestNgMavenExample.TestUserFlow(TestNgMavenExample.java:34)
	at com.javacodegeeks.testng.maven.TestNgMavenExample.exampleOfTestNgMaven(TestNgMavenExample.java:26)
... Removed 24 stack frames]]>
    </failure>
  </testcase> <!-- exampleOfTestNgMaven -->
  <testcase name="oneMoreTest" time="2.343" classname="com.javacodegeeks.testng.maven.TestNgMavenSecondClass"/>
</testsuite> <!-- TestNgMavenTest -->
