<?xml version="1.0" encoding="UTF-8"?>
<testng-results skipped="0" failed="0" total="1" passed="1">
  <reporter-output>
  </reporter-output>
  <suite name="Default suite" duration-ms="11148" started-at="2017-08-05T20:29:20Z" finished-at="2017-08-05T20:29:31Z">
    <groups>
    </groups>
    <test name="Default test" duration-ms="11148" started-at="2017-08-05T20:29:20Z" finished-at="2017-08-05T20:29:31Z">
      <class name="com.uptake.test.UptakeHomePageTest">
        <test-method status="PASS" signature="setup()[pri:0, instance:com.uptake.test.UptakeHomePageTest@18be83e4]" name="setup" is-config="true" duration-ms="4268" started-at="2017-08-05T15:29:20Z" finished-at="2017-08-05T15:29:24Z">
          <reporter-output>
          </reporter-output>
        </test-method> <!-- setup -->
        <test-method status="PASS" signature="UptakeHomePageAssertionTest()[pri:0, instance:com.uptake.test.UptakeHomePageTest@18be83e4]" name="UptakeHomePageAssertionTest" duration-ms="4977" started-at="2017-08-05T15:29:24Z" finished-at="2017-08-05T15:29:29Z">
          <reporter-output>
          </reporter-output>
        </test-method> <!-- UptakeHomePageAssertionTest -->
        <test-method status="PASS" signature="tearDown()[pri:0, instance:com.uptake.test.UptakeHomePageTest@18be83e4]" name="tearDown" is-config="true" duration-ms="1885" started-at="2017-08-05T15:29:29Z" finished-at="2017-08-05T15:29:31Z">
          <reporter-output>
          </reporter-output>
        </test-method> <!-- tearDown -->
      </class> <!-- com.uptake.test.UptakeHomePageTest -->
    </test> <!-- Default test -->
  </suite> <!-- Default suite -->
</testng-results>
