<?xml version="1.0" encoding="UTF-8"?>
<testng-results skipped="0" failed="0" total="2" passed="2">
  <reporter-output>
  </reporter-output>
  <suite name="Command line suite" duration-ms="54813" started-at="2017-08-07T11:23:35Z" finished-at="2017-08-07T11:24:30Z">
    <groups>
    </groups>
    <test name="Command line test" duration-ms="54813" started-at="2017-08-07T11:23:35Z" finished-at="2017-08-07T11:24:30Z">
      <class name="com.uptake.test.UptakeAboutPageTest">
        <test-method status="PASS" signature="setup()[pri:0, instance:com.uptake.test.UptakeAboutPageTest@6b143ee9]" name="setup" is-config="true" duration-ms="4257" started-at="2017-08-07T06:23:35Z" finished-at="2017-08-07T06:23:40Z">
          <reporter-output>
          </reporter-output>
        </test-method> <!-- setup -->
        <test-method status="PASS" signature="setup()[pri:0, instance:com.uptake.test.UptakeHomePageTest@246ae04d]" name="setup" is-config="true" duration-ms="2659" started-at="2017-08-07T06:23:40Z" finished-at="2017-08-07T06:23:42Z">
          <reporter-output>
          </reporter-output>
        </test-method> <!-- setup -->
        <test-method status="PASS" signature="uptakeAboutPageAssertionTest()[pri:0, instance:com.uptake.test.UptakeAboutPageTest@6b143ee9]" name="uptakeAboutPageAssertionTest" duration-ms="12054" started-at="2017-08-07T06:23:42Z" finished-at="2017-08-07T06:23:54Z">
          <reporter-output>
          </reporter-output>
        </test-method> <!-- uptakeAboutPageAssertionTest -->
        <test-method status="PASS" signature="tearDown()[pri:0, instance:com.uptake.test.UptakeAboutPageTest@6b143ee9]" name="tearDown" is-config="true" duration-ms="1761" started-at="2017-08-07T06:24:27Z" finished-at="2017-08-07T06:24:29Z">
          <reporter-output>
          </reporter-output>
        </test-method> <!-- tearDown -->
        <test-method status="PASS" signature="tearDown()[pri:0, instance:com.uptake.test.UptakeHomePageTest@246ae04d]" name="tearDown" is-config="true" duration-ms="1553" started-at="2017-08-07T06:24:29Z" finished-at="2017-08-07T06:24:30Z">
          <reporter-output>
          </reporter-output>
        </test-method> <!-- tearDown -->
      </class> <!-- com.uptake.test.UptakeAboutPageTest -->
      <class name="com.uptake.test.UptakeHomePageTest">
        <test-method status="PASS" signature="UptakeHomePageAssertionTest()[pri:0, instance:com.uptake.test.UptakeHomePageTest@246ae04d]" name="UptakeHomePageAssertionTest" duration-ms="32520" started-at="2017-08-07T06:23:54Z" finished-at="2017-08-07T06:24:27Z">
          <reporter-output>
          </reporter-output>
        </test-method> <!-- UptakeHomePageAssertionTest -->
      </class> <!-- com.uptake.test.UptakeHomePageTest -->
    </test> <!-- Command line test -->
  </suite> <!-- Command line suite -->
</testng-results>
